{"D:\\Projects\\course-api\\src\\app.ts": {"path":"D:\\Projects\\course-api\\src\\app.ts","statementMap":{"0":{"start":{"line":1,"column":0},"end":{"line":1,"column":51}},"1":{"start":{"line":3,"column":0},"end":{"line":3,"column":47}},"2":{"start":{"line":6,"column":0},"end":{"line":6,"column":32}},"3":{"start":{"line":7,"column":0},"end":{"line":7,"column":26}},"4":{"start":{"line":9,"column":0},"end":{"line":9,"column":35}},"5":{"start":{"line":11,"column":0},"end":{"line":11,"column":52}},"6":{"start":{"line":12,"column":0},"end":{"line":12,"column":56}},"7":{"start":{"line":15,"column":0},"end":{"line":60,"column":null}},"8":{"start":{"line":21,"column":32},"end":{"line":21,"column":47}},"9":{"start":{"line":22,"column":40},"end":{"line":22,"column":71}},"10":{"start":{"line":23,"column":41},"end":{"line":23,"column":74}},"11":{"start":{"line":24,"column":39},"end":{"line":24,"column":54}},"12":{"start":{"line":25,"column":39},"end":{"line":25,"column":68}},"13":{"start":{"line":18,"column":9},"end":{"line":18,"column":21}},"14":{"start":{"line":27,"column":2},"end":{"line":27,"column":23}},"15":{"start":{"line":28,"column":2},"end":{"line":28,"column":23}},"16":{"start":{"line":29,"column":2},"end":{"line":29,"column":41}},"17":{"start":{"line":33,"column":2},"end":{"line":33,"column":29}},"18":{"start":{"line":37,"column":24},"end":{"line":37,"column":87}},"19":{"start":{"line":38,"column":2},"end":{"line":38,"column":23}},"20":{"start":{"line":39,"column":2},"end":{"line":39,"column":58}},"21":{"start":{"line":43,"column":2},"end":{"line":43,"column":70}},"22":{"start":{"line":47,"column":2},"end":{"line":47,"column":23}},"23":{"start":{"line":48,"column":2},"end":{"line":48,"column":75}},"24":{"start":{"line":49,"column":2},"end":{"line":49,"column":29}},"25":{"start":{"line":50,"column":2},"end":{"line":50,"column":37}},"26":{"start":{"line":51,"column":2},"end":{"line":51,"column":58}},"27":{"start":{"line":52,"column":2},"end":{"line":52,"column":43}},"28":{"start":{"line":56,"column":2},"end":{"line":58,"column":5}},"29":{"start":{"line":57,"column":3},"end":{"line":57,"column":45}},"30":{"start":{"line":15,"column":13},"end":{"line":60,"column":null}},"31":{"start":{"line":15,"column":13},"end":{"line":15,"column":16}}},"fnMap":{"0":{"name":"(anonymous_12)","decl":{"start":{"line":20,"column":1},"end":{"line":20,"column":null}},"loc":{"start":{"line":25,"column":68},"end":{"line":30,"column":2}}},"1":{"name":"(anonymous_13)","decl":{"start":{"line":32,"column":9},"end":{"line":32,"column":17}},"loc":{"start":{"line":32,"column":46},"end":{"line":34,"column":2}}},"2":{"name":"(anonymous_14)","decl":{"start":{"line":36,"column":9},"end":{"line":36,"column":22}},"loc":{"start":{"line":36,"column":22},"end":{"line":40,"column":2}}},"3":{"name":"(anonymous_15)","decl":{"start":{"line":42,"column":9},"end":{"line":42,"column":28}},"loc":{"start":{"line":42,"column":28},"end":{"line":44,"column":2}}},"4":{"name":"(anonymous_16)","decl":{"start":{"line":46,"column":14},"end":{"line":46,"column":18}},"loc":{"start":{"line":46,"column":18},"end":{"line":53,"column":null}}},"5":{"name":"(anonymous_18)","decl":{"start":{"line":55,"column":8},"end":{"line":55,"column":16}},"loc":{"start":{"line":55,"column":16},"end":{"line":59,"column":2}}},"6":{"name":"(anonymous_19)","decl":{"start":{"line":56,"column":20},"end":{"line":56,"column":23}},"loc":{"start":{"line":56,"column":25},"end":{"line":58,"column":3}}}},"branchMap":{},"s":{"0":1,"1":1,"2":1,"3":1,"4":1,"5":1,"6":1,"7":1,"8":1,"9":1,"10":1,"11":1,"12":1,"13":1,"14":1,"15":1,"16":1,"17":1,"18":1,"19":1,"20":1,"21":1,"22":1,"23":1,"24":1,"25":1,"26":1,"27":1,"28":1,"29":0,"30":1,"31":1},"f":{"0":1,"1":1,"2":1,"3":1,"4":1,"5":1,"6":0},"b":{}}
,"D:\\Projects\\course-api\\src\\index.ts": {"path":"D:\\Projects\\course-api\\src\\index.ts","statementMap":{"0":{"start":{"line":1,"column":0},"end":{"line":1,"column":67}},"1":{"start":{"line":2,"column":0},"end":{"line":2,"column":28}},"2":{"start":{"line":4,"column":0},"end":{"line":4,"column":60}},"3":{"start":{"line":5,"column":0},"end":{"line":5,"column":56}},"4":{"start":{"line":7,"column":0},"end":{"line":7,"column":32}},"5":{"start":{"line":8,"column":0},"end":{"line":8,"column":58}},"6":{"start":{"line":9,"column":0},"end":{"line":9,"column":26}},"7":{"start":{"line":12,"column":0},"end":{"line":12,"column":52}},"8":{"start":{"line":14,"column":0},"end":{"line":14,"column":56}},"9":{"start":{"line":15,"column":0},"end":{"line":15,"column":52}},"10":{"start":{"line":17,"column":0},"end":{"line":17,"column":59}},"11":{"start":{"line":19,"column":13},"end":{"line":28,"column":3}},"12":{"start":{"line":20,"column":1},"end":{"line":20,"column":66}},"13":{"start":{"line":21,"column":1},"end":{"line":21,"column":67}},"14":{"start":{"line":22,"column":1},"end":{"line":22,"column":64}},"15":{"start":{"line":23,"column":1},"end":{"line":23,"column":55}},"16":{"start":{"line":24,"column":1},"end":{"line":24,"column":80}},"17":{"start":{"line":25,"column":1},"end":{"line":25,"column":60}},"18":{"start":{"line":26,"column":1},"end":{"line":26,"column":67}},"19":{"start":{"line":27,"column":1},"end":{"line":27,"column":38}},"20":{"start":{"line":36,"column":22},"end":{"line":36,"column":37}},"21":{"start":{"line":37,"column":1},"end":{"line":37,"column":32}},"22":{"start":{"line":38,"column":13},"end":{"line":38,"column":53}},"23":{"start":{"line":39,"column":1},"end":{"line":39,"column":18}},"24":{"start":{"line":40,"column":1},"end":{"line":40,"column":30}},"25":{"start":{"line":43,"column":13},"end":{"line":43,"column":32}}},"fnMap":{"0":{"name":"(anonymous_7)","decl":{"start":{"line":19,"column":47},"end":{"line":19,"column":48}},"loc":{"start":{"line":19,"column":73},"end":{"line":28,"column":1}}},"1":{"name":"bootstrap","decl":{"start":{"line":35,"column":15},"end":{"line":35,"column":24}},"loc":{"start":{"line":35,"column":24},"end":{"line":41,"column":null}}}},"branchMap":{},"s":{"0":1,"1":1,"2":1,"3":1,"4":1,"5":1,"6":1,"7":1,"8":1,"9":1,"10":1,"11":1,"12":1,"13":1,"14":1,"15":1,"16":1,"17":1,"18":1,"19":1,"20":1,"21":1,"22":1,"23":1,"24":1,"25":1},"f":{"0":1,"1":1},"b":{}}
,"D:\\Projects\\course-api\\src\\types.ts": {"path":"D:\\Projects\\course-api\\src\\types.ts","statementMap":{"0":{"start":{"line":1,"column":13},"end":{"line":10,"column":2}}},"fnMap":{},"branchMap":{},"s":{"0":1},"f":{},"b":{}}
,"D:\\Projects\\course-api\\src\\common\\auth.middleware.ts": {"path":"D:\\Projects\\course-api\\src\\common\\auth.middleware.ts","statementMap":{"0":{"start":{"line":6,"column":21},"end":{"line":6,"column":46}},"1":{"start":{"line":9,"column":2},"end":{"line":19,"column":null}},"2":{"start":{"line":10,"column":3},"end":{"line":10,"column":26}},"3":{"start":{"line":12,"column":16},"end":{"line":12,"column":60}},"4":{"start":{"line":13,"column":3},"end":{"line":18,"column":null}},"5":{"start":{"line":14,"column":4},"end":{"line":14,"column":25}},"6":{"start":{"line":15,"column":4},"end":{"line":15,"column":11}},"7":{"start":{"line":17,"column":4},"end":{"line":17,"column":27}},"8":{"start":{"line":5,"column":0},"end":{"line":5,"column":13}}},"fnMap":{"0":{"name":"(anonymous_7)","decl":{"start":{"line":6,"column":1},"end":{"line":6,"column":21}},"loc":{"start":{"line":6,"column":46},"end":{"line":6,"column":50}}},"1":{"name":"(anonymous_8)","decl":{"start":{"line":8,"column":7},"end":{"line":8,"column":14}},"loc":{"start":{"line":8,"column":62},"end":{"line":20,"column":null}}}},"branchMap":{"0":{"loc":{"start":{"line":9,"column":2},"end":{"line":19,"column":null}},"type":"if","locations":[{"start":{"line":9,"column":2},"end":{"line":19,"column":null}},{"start":{"line":11,"column":9},"end":{"line":19,"column":null}}]},"1":{"loc":{"start":{"line":13,"column":3},"end":{"line":18,"column":null}},"type":"if","locations":[{"start":{"line":13,"column":3},"end":{"line":18,"column":null}},{"start":{"line":16,"column":10},"end":{"line":18,"column":null}}]}},"s":{"0":1,"1":1,"2":0,"3":1,"4":1,"5":1,"6":1,"7":0,"8":1},"f":{"0":1,"1":1},"b":{"0":[0,1],"1":[1,0]}}
,"D:\\Projects\\course-api\\src\\common\\base.controller.ts": {"path":"D:\\Projects\\course-api\\src\\common\\base.controller.ts","statementMap":{"0":{"start":{"line":1,"column":0},"end":{"line":1,"column":43}},"1":{"start":{"line":3,"column":0},"end":{"line":3,"column":39}},"2":{"start":{"line":5,"column":0},"end":{"line":5,"column":26}},"3":{"start":{"line":8,"column":0},"end":{"line":51,"column":null}},"4":{"start":{"line":12,"column":21},"end":{"line":12,"column":36}},"5":{"start":{"line":13,"column":2},"end":{"line":13,"column":26}},"6":{"start":{"line":17,"column":2},"end":{"line":17,"column":22}},"7":{"start":{"line":21,"column":2},"end":{"line":21,"column":25}},"8":{"start":{"line":25,"column":2},"end":{"line":25,"column":26}},"9":{"start":{"line":29,"column":2},"end":{"line":35,"column":5}},"10":{"start":{"line":30,"column":3},"end":{"line":30,"column":54}},"11":{"start":{"line":31,"column":23},"end":{"line":31,"column":71}},"12":{"start":{"line":31,"column":53},"end":{"line":31,"column":70}},"13":{"start":{"line":32,"column":19},"end":{"line":32,"column":40}},"14":{"start":{"line":33,"column":20},"end":{"line":33,"column":69}},"15":{"start":{"line":34,"column":3},"end":{"line":34,"column":51}},"16":{"start":{"line":39,"column":2},"end":{"line":41,"column":null}},"17":{"start":{"line":40,"column":3},"end":{"line":40,"column":22}},"18":{"start":{"line":42,"column":2},"end":{"line":42,"column":17}},"19":{"start":{"line":46,"column":2},"end":{"line":48,"column":null}},"20":{"start":{"line":47,"column":3},"end":{"line":47,"column":22}},"21":{"start":{"line":49,"column":2},"end":{"line":49,"column":17}},"22":{"start":{"line":8,"column":22},"end":{"line":51,"column":null}},"23":{"start":{"line":8,"column":22},"end":{"line":8,"column":36}}},"fnMap":{"0":{"name":"(anonymous_2)","decl":{"start":{"line":12,"column":1},"end":{"line":12,"column":21}},"loc":{"start":{"line":12,"column":36},"end":{"line":14,"column":2}}},"1":{"name":"(anonymous_3)","decl":{"start":{"line":16,"column":1},"end":{"line":16,"column":5}},"loc":{"start":{"line":16,"column":11},"end":{"line":18,"column":2}}},"2":{"name":"(anonymous_4)","decl":{"start":{"line":20,"column":1},"end":{"line":20,"column":5}},"loc":{"start":{"line":20,"column":14},"end":{"line":22,"column":2}}},"3":{"name":"(anonymous_5)","decl":{"start":{"line":24,"column":1},"end":{"line":24,"column":5}},"loc":{"start":{"line":24,"column":28},"end":{"line":26,"column":2}}},"4":{"name":"(anonymous_6)","decl":{"start":{"line":28,"column":11},"end":{"line":28,"column":21}},"loc":{"start":{"line":28,"column":37},"end":{"line":36,"column":2}}},"5":{"name":"(anonymous_7)","decl":{"start":{"line":29,"column":17},"end":{"line":29,"column":18}},"loc":{"start":{"line":29,"column":27},"end":{"line":35,"column":3}}},"6":{"name":"(anonymous_8)","decl":{"start":{"line":31,"column":46},"end":{"line":31,"column":47}},"loc":{"start":{"line":31,"column":53},"end":{"line":31,"column":70}}},"7":{"name":"(anonymous_9)","decl":{"start":{"line":38,"column":11},"end":{"line":38,"column":13}},"loc":{"start":{"line":38,"column":56},"end":{"line":43,"column":2}}},"8":{"name":"(anonymous_10)","decl":{"start":{"line":45,"column":11},"end":{"line":45,"column":15}},"loc":{"start":{"line":45,"column":58},"end":{"line":50,"column":2}}}},"branchMap":{"0":{"loc":{"start":{"line":31,"column":23},"end":{"line":31,"column":71}},"type":"cond-expr","locations":[{"start":{"line":31,"column":40},"end":{"line":31,"column":42}},{"start":{"line":31,"column":40},"end":{"line":31,"column":71}}]},"1":{"loc":{"start":{"line":31,"column":23},"end":{"line":31,"column":42}},"type":"binary-expr","locations":[{"start":{"line":31,"column":23},"end":{"line":31,"column":42}},{"start":{"line":31,"column":40},"end":{"line":31,"column":42}}]},"2":{"loc":{"start":{"line":33,"column":20},"end":{"line":33,"column":69}},"type":"cond-expr","locations":[{"start":{"line":33,"column":34},"end":{"line":33,"column":59}},{"start":{"line":33,"column":62},"end":{"line":33,"column":69}}]},"3":{"loc":{"start":{"line":38,"column":44},"end":{"line":38,"column":56}},"type":"default-arg","locations":[{"start":{"line":38,"column":53},"end":{"line":38,"column":56}}]},"4":{"loc":{"start":{"line":39,"column":2},"end":{"line":41,"column":null}},"type":"if","locations":[{"start":{"line":39,"column":2},"end":{"line":41,"column":null}}]},"5":{"loc":{"start":{"line":45,"column":46},"end":{"line":45,"column":58}},"type":"default-arg","locations":[{"start":{"line":45,"column":55},"end":{"line":45,"column":58}}]},"6":{"loc":{"start":{"line":46,"column":2},"end":{"line":48,"column":null}},"type":"if","locations":[{"start":{"line":46,"column":2},"end":{"line":48,"column":null}}]}},"s":{"0":1,"1":1,"2":1,"3":1,"4":1,"5":1,"6":4,"7":1,"8":1,"9":1,"10":3,"11":3,"12":3,"13":3,"14":3,"15":3,"16":1,"17":1,"18":1,"19":0,"20":0,"21":0,"22":1,"23":1},"f":{"0":1,"1":4,"2":1,"3":1,"4":1,"5":3,"6":3,"7":1,"8":0},"b":{"0":[0,3],"1":[3,3],"2":[3,0],"3":[1],"4":[1],"5":[0],"6":[0]}}
,"D:\\Projects\\course-api\\src\\common\\jwt.middleware.ts": {"path":"D:\\Projects\\course-api\\src\\common\\jwt.middleware.ts","statementMap":{"0":{"start":{"line":2,"column":0},"end":{"line":2,"column":38}},"1":{"start":{"line":6,"column":21},"end":{"line":6,"column":35}},"2":{"start":{"line":9,"column":2},"end":{"line":21,"column":null}},"3":{"start":{"line":10,"column":17},"end":{"line":10,"column":56}},"4":{"start":{"line":11,"column":3},"end":{"line":18,"column":6}},"5":{"start":{"line":12,"column":4},"end":{"line":17,"column":null}},"6":{"start":{"line":13,"column":5},"end":{"line":13,"column":12}},"7":{"start":{"line":14,"column":11},"end":{"line":17,"column":null}},"8":{"start":{"line":15,"column":5},"end":{"line":15,"column":30}},"9":{"start":{"line":16,"column":5},"end":{"line":16,"column":12}},"10":{"start":{"line":20,"column":3},"end":{"line":20,"column":10}},"11":{"start":{"line":5,"column":0},"end":{"line":5,"column":13}}},"fnMap":{"0":{"name":"(anonymous_7)","decl":{"start":{"line":6,"column":1},"end":{"line":6,"column":21}},"loc":{"start":{"line":6,"column":35},"end":{"line":6,"column":39}}},"1":{"name":"(anonymous_8)","decl":{"start":{"line":8,"column":7},"end":{"line":8,"column":14}},"loc":{"start":{"line":8,"column":62},"end":{"line":22,"column":null}}},"2":{"name":"(anonymous_10)","decl":{"start":{"line":11,"column":30},"end":{"line":11,"column":31}},"loc":{"start":{"line":11,"column":54},"end":{"line":18,"column":4}}}},"branchMap":{"0":{"loc":{"start":{"line":9,"column":2},"end":{"line":21,"column":null}},"type":"if","locations":[{"start":{"line":9,"column":2},"end":{"line":21,"column":null}},{"start":{"line":19,"column":9},"end":{"line":21,"column":null}}]},"1":{"loc":{"start":{"line":12,"column":4},"end":{"line":17,"column":null}},"type":"if","locations":[{"start":{"line":12,"column":4},"end":{"line":17,"column":null}},{"start":{"line":14,"column":11},"end":{"line":17,"column":null}}]},"2":{"loc":{"start":{"line":14,"column":11},"end":{"line":17,"column":null}},"type":"if","locations":[{"start":{"line":14,"column":11},"end":{"line":17,"column":null}}]}},"s":{"0":1,"1":1,"2":4,"3":1,"4":1,"5":1,"6":0,"7":1,"8":1,"9":1,"10":3,"11":1},"f":{"0":1,"1":4,"2":1},"b":{"0":[1,3],"1":[0,1],"2":[1]}}
,"D:\\Projects\\course-api\\src\\common\\validate.middleware.ts": {"path":"D:\\Projects\\course-api\\src\\common\\validate.middleware.ts","statementMap":{"0":{"start":{"line":1,"column":0},"end":{"line":1,"column":67}},"1":{"start":{"line":2,"column":0},"end":{"line":2,"column":43}},"2":{"start":{"line":9,"column":21},"end":{"line":9,"column":62}},"3":{"start":{"line":12,"column":19},"end":{"line":12,"column":59}},"4":{"start":{"line":13,"column":2},"end":{"line":19,"column":5}},"5":{"start":{"line":14,"column":3},"end":{"line":18,"column":null}},"6":{"start":{"line":15,"column":4},"end":{"line":15,"column":33}},"7":{"start":{"line":17,"column":4},"end":{"line":17,"column":11}},"8":{"start":{"line":8,"column":0},"end":{"line":8,"column":13}}},"fnMap":{"0":{"name":"(anonymous_7)","decl":{"start":{"line":9,"column":1},"end":{"line":9,"column":21}},"loc":{"start":{"line":9,"column":62},"end":{"line":9,"column":66}}},"1":{"name":"(anonymous_8)","decl":{"start":{"line":11,"column":7},"end":{"line":11,"column":14}},"loc":{"start":{"line":11,"column":67},"end":{"line":20,"column":null}}},"2":{"name":"(anonymous_10)","decl":{"start":{"line":13,"column":26},"end":{"line":13,"column":27}},"loc":{"start":{"line":13,"column":37},"end":{"line":19,"column":3}}}},"branchMap":{"0":{"loc":{"start":{"line":14,"column":3},"end":{"line":18,"column":null}},"type":"if","locations":[{"start":{"line":14,"column":3},"end":{"line":18,"column":null}},{"start":{"line":16,"column":10},"end":{"line":18,"column":null}}]}},"s":{"0":1,"1":1,"2":2,"3":3,"4":3,"5":3,"6":0,"7":3,"8":1},"f":{"0":2,"1":3,"2":3},"b":{"0":[0,3]}}
,"D:\\Projects\\course-api\\src\\config\\config.service.ts": {"path":"D:\\Projects\\course-api\\src\\config\\config.service.ts","statementMap":{"0":{"start":{"line":1,"column":0},"end":{"line":1,"column":26}},"1":{"start":{"line":3,"column":0},"end":{"line":3,"column":71}},"2":{"start":{"line":4,"column":0},"end":{"line":4,"column":47}},"3":{"start":{"line":5,"column":0},"end":{"line":5,"column":33}},"4":{"start":{"line":9,"column":0},"end":{"line":25,"column":null}},"5":{"start":{"line":12,"column":43},"end":{"line":12,"column":65}},"6":{"start":{"line":13,"column":37},"end":{"line":13,"column":45}},"7":{"start":{"line":14,"column":2},"end":{"line":19,"column":null}},"8":{"start":{"line":15,"column":3},"end":{"line":15,"column":57}},"9":{"start":{"line":17,"column":3},"end":{"line":17,"column":52}},"10":{"start":{"line":18,"column":3},"end":{"line":18,"column":52}},"11":{"start":{"line":23,"column":2},"end":{"line":23,"column":31}},"12":{"start":{"line":9,"column":13},"end":{"line":25,"column":null}},"13":{"start":{"line":9,"column":13},"end":{"line":9,"column":26}}},"fnMap":{"0":{"name":"(anonymous_4)","decl":{"start":{"line":12,"column":1},"end":{"line":12,"column":14}},"loc":{"start":{"line":12,"column":65},"end":{"line":20,"column":2}}},"1":{"name":"(anonymous_5)","decl":{"start":{"line":22,"column":1},"end":{"line":22,"column":4}},"loc":{"start":{"line":22,"column":43},"end":{"line":24,"column":2}}}},"branchMap":{"0":{"loc":{"start":{"line":14,"column":2},"end":{"line":19,"column":null}},"type":"if","locations":[{"start":{"line":14,"column":2},"end":{"line":19,"column":null}},{"start":{"line":16,"column":9},"end":{"line":19,"column":null}}]},"1":{"loc":{"start":{"line":14,"column":6},"end":{"line":14,"column":36}},"type":"binary-expr","locations":[{"start":{"line":14,"column":6},"end":{"line":14,"column":18}},{"start":{"line":14,"column":22},"end":{"line":14,"column":36}}]}},"s":{"0":1,"1":1,"2":1,"3":1,"4":1,"5":1,"6":1,"7":1,"8":0,"9":1,"10":1,"11":2,"12":1,"13":1},"f":{"0":1,"1":2},"b":{"0":[0,1],"1":[1,0]}}
,"D:\\Projects\\course-api\\src\\db\\prisma.service.ts": {"path":"D:\\Projects\\course-api\\src\\db\\prisma.service.ts","statementMap":{"0":{"start":{"line":1,"column":0},"end":{"line":1,"column":46}},"1":{"start":{"line":2,"column":0},"end":{"line":2,"column":47}},"2":{"start":{"line":4,"column":0},"end":{"line":4,"column":33}},"3":{"start":{"line":7,"column":0},"end":{"line":29,"column":null}},"4":{"start":{"line":10,"column":43},"end":{"line":10,"column":65}},"5":{"start":{"line":11,"column":2},"end":{"line":11,"column":35}},"6":{"start":{"line":15,"column":2},"end":{"line":22,"column":null}},"7":{"start":{"line":16,"column":3},"end":{"line":16,"column":32}},"8":{"start":{"line":17,"column":3},"end":{"line":17,"column":54}},"9":{"start":{"line":19,"column":3},"end":{"line":21,"column":null}},"10":{"start":{"line":20,"column":4},"end":{"line":20,"column":68}},"11":{"start":{"line":26,"column":2},"end":{"line":26,"column":34}},"12":{"start":{"line":27,"column":2},"end":{"line":27,"column":53}},"13":{"start":{"line":7,"column":13},"end":{"line":29,"column":null}},"14":{"start":{"line":7,"column":13},"end":{"line":7,"column":26}}},"fnMap":{"0":{"name":"(anonymous_11)","decl":{"start":{"line":10,"column":1},"end":{"line":10,"column":14}},"loc":{"start":{"line":10,"column":65},"end":{"line":12,"column":2}}},"1":{"name":"(anonymous_12)","decl":{"start":{"line":14,"column":7},"end":{"line":14,"column":14}},"loc":{"start":{"line":14,"column":14},"end":{"line":23,"column":null}}},"2":{"name":"(anonymous_14)","decl":{"start":{"line":25,"column":7},"end":{"line":25,"column":17}},"loc":{"start":{"line":25,"column":17},"end":{"line":28,"column":null}}}},"branchMap":{"0":{"loc":{"start":{"line":19,"column":3},"end":{"line":21,"column":null}},"type":"if","locations":[{"start":{"line":19,"column":3},"end":{"line":21,"column":null}}]}},"s":{"0":1,"1":1,"2":1,"3":1,"4":2,"5":2,"6":1,"7":1,"8":1,"9":0,"10":0,"11":0,"12":0,"13":1,"14":1},"f":{"0":2,"1":1,"2":0},"b":{"0":[0]}}
,"D:\\Projects\\course-api\\src\\errors\\exception.filter.ts": {"path":"D:\\Projects\\course-api\\src\\errors\\exception.filter.ts","statementMap":{"0":{"start":{"line":2,"column":0},"end":{"line":2,"column":47}},"1":{"start":{"line":5,"column":0},"end":{"line":5,"column":33}},"2":{"start":{"line":7,"column":0},"end":{"line":7,"column":41}},"3":{"start":{"line":8,"column":0},"end":{"line":8,"column":26}},"4":{"start":{"line":11,"column":0},"end":{"line":23,"column":null}},"5":{"start":{"line":12,"column":43},"end":{"line":12,"column":58}},"6":{"start":{"line":15,"column":2},"end":{"line":21,"column":null}},"7":{"start":{"line":16,"column":3},"end":{"line":16,"column":82}},"8":{"start":{"line":17,"column":3},"end":{"line":17,"column":57}},"9":{"start":{"line":19,"column":3},"end":{"line":19,"column":39}},"10":{"start":{"line":20,"column":3},"end":{"line":20,"column":46}},"11":{"start":{"line":11,"column":13},"end":{"line":23,"column":null}},"12":{"start":{"line":11,"column":13},"end":{"line":11,"column":28}}},"fnMap":{"0":{"name":"(anonymous_4)","decl":{"start":{"line":12,"column":1},"end":{"line":12,"column":14}},"loc":{"start":{"line":12,"column":58},"end":{"line":12,"column":62}}},"1":{"name":"(anonymous_5)","decl":{"start":{"line":14,"column":8},"end":{"line":14,"column":13}},"loc":{"start":{"line":14,"column":85},"end":{"line":22,"column":2}}}},"branchMap":{"0":{"loc":{"start":{"line":15,"column":2},"end":{"line":21,"column":null}},"type":"if","locations":[{"start":{"line":15,"column":2},"end":{"line":21,"column":null}},{"start":{"line":18,"column":9},"end":{"line":21,"column":null}}]}},"s":{"0":1,"1":1,"2":1,"3":1,"4":1,"5":1,"6":2,"7":2,"8":2,"9":0,"10":0,"11":1,"12":1},"f":{"0":1,"1":2},"b":{"0":[2,0]}}
,"D:\\Projects\\course-api\\src\\errors\\http-error.ts": {"path":"D:\\Projects\\course-api\\src\\errors\\http-error.ts","statementMap":{"0":{"start":{"line":6,"column":2},"end":{"line":6,"column":17}},"1":{"start":{"line":7,"column":2},"end":{"line":7,"column":25}},"2":{"start":{"line":8,"column":2},"end":{"line":8,"column":25}},"3":{"start":{"line":9,"column":2},"end":{"line":9,"column":31}},"4":{"start":{"line":1,"column":0},"end":{"line":1,"column":13}}},"fnMap":{"0":{"name":"(anonymous_0)","decl":{"start":{"line":5,"column":1},"end":{"line":5,"column":13}},"loc":{"start":{"line":5,"column":66},"end":{"line":10,"column":2}}}},"branchMap":{},"s":{"0":2,"1":2,"2":2,"3":2,"4":1},"f":{"0":2},"b":{}}
,"D:\\Projects\\course-api\\src\\logger\\logger.service.ts": {"path":"D:\\Projects\\course-api\\src\\logger\\logger.service.ts","statementMap":{"0":{"start":{"line":1,"column":0},"end":{"line":1,"column":39}},"1":{"start":{"line":2,"column":0},"end":{"line":2,"column":31}},"2":{"start":{"line":4,"column":0},"end":{"line":4,"column":26}},"3":{"start":{"line":7,"column":0},"end":{"line":30,"column":null}},"4":{"start":{"line":11,"column":2},"end":{"line":16,"column":5}},"5":{"start":{"line":20,"column":2},"end":{"line":20,"column":28}},"6":{"start":{"line":24,"column":2},"end":{"line":24,"column":29}},"7":{"start":{"line":28,"column":2},"end":{"line":28,"column":28}},"8":{"start":{"line":7,"column":13},"end":{"line":30,"column":null}},"9":{"start":{"line":7,"column":13},"end":{"line":7,"column":26}}},"fnMap":{"0":{"name":"(anonymous_2)","decl":{"start":{"line":10,"column":1},"end":{"line":10,"column":null}},"loc":{"start":{"line":10,"column":1},"end":{"line":17,"column":2}}},"1":{"name":"(anonymous_3)","decl":{"start":{"line":19,"column":8},"end":{"line":19,"column":11}},"loc":{"start":{"line":19,"column":30},"end":{"line":21,"column":2}}},"2":{"name":"(anonymous_4)","decl":{"start":{"line":23,"column":8},"end":{"line":23,"column":13}},"loc":{"start":{"line":23,"column":32},"end":{"line":25,"column":2}}},"3":{"name":"(anonymous_5)","decl":{"start":{"line":27,"column":8},"end":{"line":27,"column":12}},"loc":{"start":{"line":27,"column":31},"end":{"line":29,"column":2}}}},"branchMap":{},"s":{"0":1,"1":1,"2":1,"3":1,"4":1,"5":6,"6":2,"7":0,"8":1,"9":1},"f":{"0":1,"1":6,"2":2,"3":0},"b":{}}
,"D:\\Projects\\course-api\\src\\users\\user.entity.ts": {"path":"D:\\Projects\\course-api\\src\\users\\user.entity.ts","statementMap":{"0":{"start":{"line":1,"column":0},"end":{"line":1,"column":41}},"1":{"start":{"line":6,"column":30},"end":{"line":6,"column":44}},"2":{"start":{"line":6,"column":63},"end":{"line":6,"column":76}},"3":{"start":{"line":7,"column":2},"end":{"line":9,"column":null}},"4":{"start":{"line":8,"column":3},"end":{"line":8,"column":30}},"5":{"start":{"line":13,"column":2},"end":{"line":13,"column":21}},"6":{"start":{"line":17,"column":2},"end":{"line":17,"column":20}},"7":{"start":{"line":21,"column":2},"end":{"line":21,"column":24}},"8":{"start":{"line":25,"column":2},"end":{"line":25,"column":46}},"9":{"start":{"line":29,"column":2},"end":{"line":29,"column":48}},"10":{"start":{"line":3,"column":0},"end":{"line":3,"column":13}}},"fnMap":{"0":{"name":"(anonymous_7)","decl":{"start":{"line":6,"column":1},"end":{"line":6,"column":30}},"loc":{"start":{"line":6,"column":96},"end":{"line":10,"column":2}}},"1":{"name":"(anonymous_8)","decl":{"start":{"line":12,"column":1},"end":{"line":12,"column":5}},"loc":{"start":{"line":12,"column":10},"end":{"line":14,"column":2}}},"2":{"name":"(anonymous_9)","decl":{"start":{"line":16,"column":1},"end":{"line":16,"column":5}},"loc":{"start":{"line":16,"column":9},"end":{"line":18,"column":2}}},"3":{"name":"(anonymous_10)","decl":{"start":{"line":20,"column":1},"end":{"line":20,"column":5}},"loc":{"start":{"line":20,"column":13},"end":{"line":22,"column":2}}},"4":{"name":"(anonymous_11)","decl":{"start":{"line":24,"column":14},"end":{"line":24,"column":25}},"loc":{"start":{"line":24,"column":56},"end":{"line":26,"column":null}}},"5":{"name":"(anonymous_13)","decl":{"start":{"line":28,"column":14},"end":{"line":28,"column":27}},"loc":{"start":{"line":28,"column":44},"end":{"line":30,"column":null}}}},"branchMap":{"0":{"loc":{"start":{"line":7,"column":2},"end":{"line":9,"column":null}},"type":"if","locations":[{"start":{"line":7,"column":2},"end":{"line":9,"column":null}}]}},"s":{"0":1,"1":2,"2":2,"3":2,"4":2,"5":0,"6":0,"7":2,"8":0,"9":2,"10":1},"f":{"0":2,"1":0,"2":0,"3":2,"4":0,"5":2},"b":{"0":[2]}}
,"D:\\Projects\\course-api\\src\\users\\users.controller.ts": {"path":"D:\\Projects\\course-api\\src\\users\\users.controller.ts","statementMap":{"0":{"start":{"line":2,"column":0},"end":{"line":2,"column":47}},"1":{"start":{"line":3,"column":0},"end":{"line":3,"column":59}},"2":{"start":{"line":5,"column":0},"end":{"line":5,"column":33}},"3":{"start":{"line":6,"column":0},"end":{"line":6,"column":26}},"4":{"start":{"line":8,"column":0},"end":{"line":8,"column":52}},"5":{"start":{"line":9,"column":0},"end":{"line":9,"column":58}},"6":{"start":{"line":11,"column":0},"end":{"line":11,"column":49}},"7":{"start":{"line":12,"column":0},"end":{"line":12,"column":67}},"8":{"start":{"line":13,"column":0},"end":{"line":13,"column":59}},"9":{"start":{"line":16,"column":0},"end":{"line":75,"column":null}},"10":{"start":{"line":21,"column":2},"end":{"line":21,"column":23}},"11":{"start":{"line":18,"column":32},"end":{"line":18,"column":54}},"12":{"start":{"line":19,"column":37},"end":{"line":19,"column":62}},"13":{"start":{"line":22,"column":2},"end":{"line":22,"column":28}},"14":{"start":{"line":23,"column":2},"end":{"line":42,"column":5}},"15":{"start":{"line":50,"column":22},"end":{"line":50,"column":63}},"16":{"start":{"line":51,"column":2},"end":{"line":56,"column":null}},"17":{"start":{"line":52,"column":17},"end":{"line":52,"column":61}},"18":{"start":{"line":53,"column":3},"end":{"line":53,"column":36}},"19":{"start":{"line":55,"column":3},"end":{"line":55,"column":68}},"20":{"start":{"line":64,"column":15},"end":{"line":64,"column":54}},"21":{"start":{"line":65,"column":2},"end":{"line":69,"column":null}},"22":{"start":{"line":66,"column":3},"end":{"line":66,"column":54}},"23":{"start":{"line":68,"column":3},"end":{"line":68,"column":81}},"24":{"start":{"line":73,"column":2},"end":{"line":73,"column":26}},"25":{"start":{"line":16,"column":13},"end":{"line":75,"column":null}},"26":{"start":{"line":16,"column":13},"end":{"line":16,"column":27}}},"fnMap":{"0":{"name":"(anonymous_11)","decl":{"start":{"line":17,"column":1},"end":{"line":17,"column":null}},"loc":{"start":{"line":19,"column":62},"end":{"line":43,"column":2}}},"1":{"name":"(anonymous_12)","decl":{"start":{"line":45,"column":7},"end":{"line":45,"column":12}},"loc":{"start":{"line":48,"column":20},"end":{"line":57,"column":null}}},"2":{"name":"(anonymous_14)","decl":{"start":{"line":59,"column":7},"end":{"line":59,"column":15}},"loc":{"start":{"line":62,"column":20},"end":{"line":70,"column":null}}},"3":{"name":"(anonymous_16)","decl":{"start":{"line":72,"column":7},"end":{"line":72,"column":11}},"loc":{"start":{"line":72,"column":59},"end":{"line":74,"column":null}}}},"branchMap":{"0":{"loc":{"start":{"line":51,"column":2},"end":{"line":56,"column":null}},"type":"if","locations":[{"start":{"line":51,"column":2},"end":{"line":56,"column":null}},{"start":{"line":54,"column":9},"end":{"line":56,"column":null}}]},"1":{"loc":{"start":{"line":65,"column":2},"end":{"line":69,"column":null}},"type":"if","locations":[{"start":{"line":65,"column":2},"end":{"line":69,"column":null}},{"start":{"line":67,"column":9},"end":{"line":69,"column":null}}]},"2":{"loc":{"start":{"line":66,"column":25},"end":{"line":66,"column":36}},"type":"cond-expr","locations":[{"start":{"line":66,"column":29},"end":{"line":66,"column":31}},{"start":{"line":66,"column":25},"end":{"line":66,"column":36}}]},"3":{"loc":{"start":{"line":66,"column":25},"end":{"line":66,"column":31}},"type":"binary-expr","locations":[{"start":{"line":66,"column":25},"end":{"line":66,"column":31}},{"start":{"line":66,"column":25},"end":{"line":66,"column":31}}]},"4":{"loc":{"start":{"line":66,"column":42},"end":{"line":66,"column":50}},"type":"cond-expr","locations":[{"start":{"line":66,"column":46},"end":{"line":66,"column":48}},{"start":{"line":66,"column":42},"end":{"line":66,"column":50}}]},"5":{"loc":{"start":{"line":66,"column":42},"end":{"line":66,"column":48}},"type":"binary-expr","locations":[{"start":{"line":66,"column":42},"end":{"line":66,"column":48}},{"start":{"line":66,"column":42},"end":{"line":66,"column":48}}]}},"s":{"0":1,"1":1,"2":1,"3":1,"4":1,"5":1,"6":1,"7":1,"8":1,"9":1,"10":1,"11":1,"12":1,"13":1,"14":1,"15":2,"16":2,"17":1,"18":1,"19":1,"20":1,"21":1,"22":0,"23":1,"24":1,"25":1,"26":1},"f":{"0":1,"1":2,"2":1,"3":1},"b":{"0":[1,1],"1":[0,1],"2":[0,0],"3":[0,0],"4":[0,0],"5":[0,0]}}
,"D:\\Projects\\course-api\\src\\users\\users.repository.ts": {"path":"D:\\Projects\\course-api\\src\\users\\users.repository.ts","statementMap":{"0":{"start":{"line":2,"column":0},"end":{"line":2,"column":47}},"1":{"start":{"line":3,"column":0},"end":{"line":3,"column":53}},"2":{"start":{"line":4,"column":0},"end":{"line":4,"column":33}},"3":{"start":{"line":9,"column":0},"end":{"line":29,"column":null}},"4":{"start":{"line":10,"column":50},"end":{"line":10,"column":65}},"5":{"start":{"line":13,"column":2},"end":{"line":19,"column":5}},"6":{"start":{"line":23,"column":2},"end":{"line":27,"column":5}},"7":{"start":{"line":9,"column":13},"end":{"line":29,"column":null}},"8":{"start":{"line":9,"column":13},"end":{"line":9,"column":28}}},"fnMap":{"0":{"name":"(anonymous_11)","decl":{"start":{"line":10,"column":1},"end":{"line":10,"column":14}},"loc":{"start":{"line":10,"column":78},"end":{"line":10,"column":82}}},"1":{"name":"(anonymous_12)","decl":{"start":{"line":12,"column":7},"end":{"line":12,"column":13}},"loc":{"start":{"line":12,"column":45},"end":{"line":20,"column":null}}},"2":{"name":"(anonymous_14)","decl":{"start":{"line":22,"column":7},"end":{"line":22,"column":11}},"loc":{"start":{"line":22,"column":25},"end":{"line":28,"column":null}}}},"branchMap":{},"s":{"0":1,"1":1,"2":1,"3":1,"4":1,"5":0,"6":4,"7":1,"8":1},"f":{"0":1,"1":0,"2":4},"b":{}}
,"D:\\Projects\\course-api\\src\\users\\users.service.ts": {"path":"D:\\Projects\\course-api\\src\\users\\users.service.ts","statementMap":{"0":{"start":{"line":1,"column":0},"end":{"line":1,"column":47}},"1":{"start":{"line":3,"column":0},"end":{"line":3,"column":33}},"2":{"start":{"line":6,"column":0},"end":{"line":6,"column":37}},"3":{"start":{"line":10,"column":0},"end":{"line":10,"column":36}},"4":{"start":{"line":13,"column":0},"end":{"line":78,"column":null}},"5":{"start":{"line":15,"column":39},"end":{"line":15,"column":68}},"6":{"start":{"line":16,"column":41},"end":{"line":16,"column":74}},"7":{"start":{"line":20,"column":22},"end":{"line":20,"column":64}},"8":{"start":{"line":22,"column":2},"end":{"line":29,"column":null}},"9":{"start":{"line":23,"column":3},"end":{"line":23,"column":15}},"10":{"start":{"line":25,"column":16},"end":{"line":25,"column":45}},"11":{"start":{"line":26,"column":16},"end":{"line":26,"column":63}},"12":{"start":{"line":27,"column":3},"end":{"line":27,"column":54}},"13":{"start":{"line":28,"column":3},"end":{"line":28,"column":50}},"14":{"start":{"line":33,"column":20},"end":{"line":33,"column":58}},"15":{"start":{"line":35,"column":2},"end":{"line":39,"column":null}},"16":{"start":{"line":36,"column":3},"end":{"line":36,"column":20}},"17":{"start":{"line":38,"column":3},"end":{"line":38,"column":15}},"18":{"start":{"line":43,"column":20},"end":{"line":43,"column":58}},"19":{"start":{"line":45,"column":2},"end":{"line":48,"column":null}},"20":{"start":{"line":46,"column":16},"end":{"line":46,"column":77}},"21":{"start":{"line":47,"column":3},"end":{"line":47,"column":45}},"22":{"start":{"line":50,"column":2},"end":{"line":50,"column":15}},"23":{"start":{"line":54,"column":17},"end":{"line":54,"column":61}},"24":{"start":{"line":55,"column":2},"end":{"line":76,"column":5}},"25":{"start":{"line":56,"column":3},"end":{"line":75,"column":5}},"26":{"start":{"line":66,"column":5},"end":{"line":68,"column":null}},"27":{"start":{"line":67,"column":6},"end":{"line":67,"column":20}},"28":{"start":{"line":69,"column":5},"end":{"line":73,"column":null}},"29":{"start":{"line":70,"column":6},"end":{"line":70,"column":21}},"30":{"start":{"line":72,"column":6},"end":{"line":72,"column":20}},"31":{"start":{"line":13,"column":13},"end":{"line":78,"column":null}},"32":{"start":{"line":13,"column":13},"end":{"line":13,"column":24}}},"fnMap":{"0":{"name":"(anonymous_11)","decl":{"start":{"line":14,"column":1},"end":{"line":14,"column":null}},"loc":{"start":{"line":16,"column":74},"end":{"line":17,"column":5}}},"1":{"name":"(anonymous_12)","decl":{"start":{"line":19,"column":7},"end":{"line":19,"column":17}},"loc":{"start":{"line":19,"column":38},"end":{"line":30,"column":null}}},"2":{"name":"(anonymous_14)","decl":{"start":{"line":32,"column":7},"end":{"line":32,"column":18}},"loc":{"start":{"line":32,"column":32},"end":{"line":40,"column":null}}},"3":{"name":"(anonymous_16)","decl":{"start":{"line":42,"column":7},"end":{"line":42,"column":19}},"loc":{"start":{"line":42,"column":53},"end":{"line":51,"column":null}}},"4":{"name":"(anonymous_18)","decl":{"start":{"line":53,"column":7},"end":{"line":53,"column":16}},"loc":{"start":{"line":53,"column":30},"end":{"line":77,"column":null}}},"5":{"name":"(anonymous_20)","decl":{"start":{"line":55,"column":36},"end":{"line":55,"column":37}},"loc":{"start":{"line":55,"column":56},"end":{"line":76,"column":3}}},"6":{"name":"(anonymous_21)","decl":{"start":{"line":65,"column":4},"end":{"line":65,"column":5}},"loc":{"start":{"line":65,"column":21},"end":{"line":74,"column":5}}}},"branchMap":{"0":{"loc":{"start":{"line":22,"column":2},"end":{"line":29,"column":null}},"type":"if","locations":[{"start":{"line":22,"column":2},"end":{"line":29,"column":null}},{"start":{"line":24,"column":9},"end":{"line":29,"column":null}}]},"1":{"loc":{"start":{"line":35,"column":2},"end":{"line":39,"column":null}},"type":"if","locations":[{"start":{"line":35,"column":2},"end":{"line":39,"column":null}},{"start":{"line":37,"column":9},"end":{"line":39,"column":null}}]},"2":{"loc":{"start":{"line":45,"column":2},"end":{"line":48,"column":null}},"type":"if","locations":[{"start":{"line":45,"column":2},"end":{"line":48,"column":null}}]},"3":{"loc":{"start":{"line":66,"column":5},"end":{"line":68,"column":null}},"type":"if","locations":[{"start":{"line":66,"column":5},"end":{"line":68,"column":null}}]},"4":{"loc":{"start":{"line":69,"column":5},"end":{"line":73,"column":null}},"type":"if","locations":[{"start":{"line":69,"column":5},"end":{"line":73,"column":null}},{"start":{"line":71,"column":12},"end":{"line":73,"column":null}}]}},"s":{"0":1,"1":1,"2":1,"3":1,"4":1,"5":1,"6":1,"7":1,"8":1,"9":1,"10":0,"11":0,"12":0,"13":0,"14":1,"15":1,"16":1,"17":0,"18":2,"19":2,"20":2,"21":2,"22":0,"23":1,"24":1,"25":1,"26":1,"27":0,"28":1,"29":1,"30":0,"31":1,"32":1},"f":{"0":1,"1":1,"2":1,"3":2,"4":1,"5":1,"6":1},"b":{"0":[1,0],"1":[1,0],"2":[2],"3":[0],"4":[1,0]}}
,"D:\\Projects\\course-api\\src\\users\\dto\\user-login.dto.ts": {"path":"D:\\Projects\\course-api\\src\\users\\dto\\user-login.dto.ts","statementMap":{"0":{"start":{"line":1,"column":0},"end":{"line":1,"column":52}},"1":{"start":{"line":5,"column":1},"end":{"line":5,"column":null}},"2":{"start":{"line":7,"column":1},"end":{"line":7,"column":null}},"3":{"start":{"line":3,"column":0},"end":{"line":3,"column":13}}},"fnMap":{},"branchMap":{},"s":{"0":1,"1":1,"2":1,"3":1},"f":{},"b":{}}
,"D:\\Projects\\course-api\\src\\users\\dto\\user-register.dto.ts": {"path":"D:\\Projects\\course-api\\src\\users\\dto\\user-register.dto.ts","statementMap":{"0":{"start":{"line":1,"column":0},"end":{"line":1,"column":52}},"1":{"start":{"line":5,"column":1},"end":{"line":5,"column":null}},"2":{"start":{"line":7,"column":1},"end":{"line":7,"column":null}},"3":{"start":{"line":9,"column":1},"end":{"line":9,"column":null}},"4":{"start":{"line":3,"column":0},"end":{"line":3,"column":13}}},"fnMap":{},"branchMap":{},"s":{"0":1,"1":1,"2":1,"3":1,"4":1},"f":{},"b":{}}
}
